<?xml version="1.0" encoding="UTF-8"?>
<testng-results total="1" passed="1" failed="0" skipped="0">
  <reporter-output>
  </reporter-output>
  <suite started-at="2023-11-20T10:49:46Z" name="Default suite" finished-at="2023-11-20T10:49:49Z" duration-ms="2597">
    <groups>
    </groups>
    <test started-at="2023-11-20T10:49:46Z" name="Default test" finished-at="2023-11-20T10:49:49Z" duration-ms="2597">
      <class name="package1.TrelloBoard">
        <test-method signature="createBoard()[pri:1, instance:package1.TrelloBoard@117159c0]" started-at="2023-11-20T16:19:47Z" name="createBoard" finished-at="2023-11-20T16:19:49Z" duration-ms="2565" status="PASS">
          <reporter-output>
          </reporter-output>
        </test-method> <!-- createBoard -->
      </class> <!-- package1.TrelloBoard -->
    </test> <!-- Default test -->
  </suite> <!-- Default suite -->
</testng-results>
